\BOOKMARK [0][-]{chapter.1}{Einleitung}{}% 1
\BOOKMARK [1][-]{section.1.1}{Aufgabenstellung}{chapter.1}% 2
\BOOKMARK [1][-]{section.1.2}{Rahmenbedingungen}{chapter.1}% 3
\BOOKMARK [1][-]{section.1.3}{Abgrenzungen}{chapter.1}% 4
\BOOKMARK [0][-]{chapter.2}{Systembeschreibung}{}% 5
\BOOKMARK [1][-]{section.2.1}{Grobe Systemarchitektur}{chapter.2}% 6
\BOOKMARK [1][-]{section.2.2}{Anwendungsf\344lle}{chapter.2}% 7
\BOOKMARK [0][-]{chapter.3}{Vorgehen}{}% 8
\BOOKMARK [1][-]{section.3.1}{Testing}{chapter.3}% 9
\BOOKMARK [1][-]{section.3.2}{Prototyp 2}{chapter.3}% 10
\BOOKMARK [0][-]{chapter.4}{LoraWan}{}% 11
\BOOKMARK [1][-]{section.4.1}{Begriffserkl\344rung}{chapter.4}% 12
\BOOKMARK [1][-]{section.4.2}{Security}{chapter.4}% 13
\BOOKMARK [1][-]{section.4.3}{Frame Counters}{chapter.4}% 14
\BOOKMARK [1][-]{section.4.4}{Adaptive Data Rate \(ADR\)}{chapter.4}% 15
\BOOKMARK [0][-]{chapter.5}{Testing}{}% 16
\BOOKMARK [1][-]{section.5.1}{Aufbau Gateway}{chapter.5}% 17
\BOOKMARK [0][-]{chapter.6}{Prototyp}{}% 18
\BOOKMARK [1][-]{section.6.1}{Entwicklungsumgebung}{chapter.6}% 19
\BOOKMARK [1][-]{section.6.2}{Hardware}{chapter.6}% 20
\BOOKMARK [1][-]{section.6.3}{Schema}{chapter.6}% 21
\BOOKMARK [1][-]{section.6.4}{Software}{chapter.6}% 22
